<?xml version="1.0" encoding="UTF-8"?>
<testsuite xmlns:xsi="http://www.w3.org/2001/XMLSchema-instance" xsi:noNamespaceSchemaLocation="https://maven.apache.org/surefire/maven-surefire-plugin/xsd/surefire-test-report-3.0.xsd" version="3.0" name="com.tiendafiel.fidelidad.MainTest" time="0.151" tests="22" errors="0" skipped="0" failures="0">
  <properties>
    <property name="java.specification.version" value="23"/>
    <property name="sun.cpu.isalist" value="amd64"/>
    <property name="sonar.host.url" value="https://sonarcloud.io"/>
    <property name="sun.jnu.encoding" value="Cp1252"/>
    <property name="java.class.path" value="C:\Users\Casa\Desktop\Tarea_2-INF331\fidelidad-proyecto\target\test-classes;C:\Users\Casa\Desktop\Tarea_2-INF331\fidelidad-proyecto\target\classes;C:\Users\Casa\.m2\repository\org\junit\jupiter\junit-jupiter\5.10.0\junit-jupiter-5.10.0.jar;C:\Users\Casa\.m2\repository\org\junit\jupiter\junit-jupiter-api\5.10.0\junit-jupiter-api-5.10.0.jar;C:\Users\Casa\.m2\repository\org\opentest4j\opentest4j\1.3.0\opentest4j-1.3.0.jar;C:\Users\Casa\.m2\repository\org\junit\platform\junit-platform-commons\1.10.0\junit-platform-commons-1.10.0.jar;C:\Users\Casa\.m2\repository\org\apiguardian\apiguardian-api\1.1.2\apiguardian-api-1.1.2.jar;C:\Users\Casa\.m2\repository\org\junit\jupiter\junit-jupiter-params\5.10.0\junit-jupiter-params-5.10.0.jar;C:\Users\Casa\.m2\repository\org\junit\jupiter\junit-jupiter-engine\5.10.0\junit-jupiter-engine-5.10.0.jar;C:\Users\Casa\.m2\repository\org\junit\platform\junit-platform-engine\1.10.0\junit-platform-engine-1.10.0.jar;"/>
    <property name="java.vm.vendor" value="Oracle Corporation"/>
    <property name="sun.arch.data.model" value="64"/>
    <property name="user.variant" value=""/>
    <property name="java.vendor.url" value="https://java.oracle.com/"/>
    <property name="user.timezone" value="America/Santiago"/>
    <property name="os.name" value="Windows 11"/>
    <property name="java.vm.specification.version" value="23"/>
    <property name="sun.java.launcher" value="SUN_STANDARD"/>
    <property name="user.country" value="ES"/>
    <property name="sun.boot.library.path" value="C:\Program Files\Java\jdk-23\bin"/>
    <property name="sun.java.command" value="C:\Users\Casa\AppData\Local\Temp\surefire18030659914827146757\surefirebooter-20250706015706815_3.jar C:\Users\Casa\AppData\Local\Temp\surefire18030659914827146757 2025-07-06T01-57-06_598-jvmRun1 surefire-20250706015706815_1tmp surefire_0-20250706015706815_2tmp"/>
    <property name="jdk.debug" value="release"/>
    <property name="surefire.test.class.path" value="C:\Users\Casa\Desktop\Tarea_2-INF331\fidelidad-proyecto\target\test-classes;C:\Users\Casa\Desktop\Tarea_2-INF331\fidelidad-proyecto\target\classes;C:\Users\Casa\.m2\repository\org\junit\jupiter\junit-jupiter\5.10.0\junit-jupiter-5.10.0.jar;C:\Users\Casa\.m2\repository\org\junit\jupiter\junit-jupiter-api\5.10.0\junit-jupiter-api-5.10.0.jar;C:\Users\Casa\.m2\repository\org\opentest4j\opentest4j\1.3.0\opentest4j-1.3.0.jar;C:\Users\Casa\.m2\repository\org\junit\platform\junit-platform-commons\1.10.0\junit-platform-commons-1.10.0.jar;C:\Users\Casa\.m2\repository\org\apiguardian\apiguardian-api\1.1.2\apiguardian-api-1.1.2.jar;C:\Users\Casa\.m2\repository\org\junit\jupiter\junit-jupiter-params\5.10.0\junit-jupiter-params-5.10.0.jar;C:\Users\Casa\.m2\repository\org\junit\jupiter\junit-jupiter-engine\5.10.0\junit-jupiter-engine-5.10.0.jar;C:\Users\Casa\.m2\repository\org\junit\platform\junit-platform-engine\1.10.0\junit-platform-engine-1.10.0.jar;"/>
    <property name="sun.cpu.endian" value="little"/>
    <property name="user.home" value="C:\Users\Casa"/>
    <property name="user.language" value="es"/>
    <property name="java.specification.vendor" value="Oracle Corporation"/>
    <property name="java.version.date" value="2025-01-21"/>
    <property name="java.home" value="C:\Program Files\Java\jdk-23"/>
    <property name="file.separator" value="\"/>
    <property name="basedir" value="C:\Users\Casa\Desktop\Tarea_2-INF331\fidelidad-proyecto"/>
    <property name="java.vm.compressedOopsMode" value="Zero based"/>
    <property name="line.separator" value="&#10;"/>
    <property name="java.vm.specification.vendor" value="Oracle Corporation"/>
    <property name="java.specification.name" value="Java Platform API Specification"/>
    <property name="surefire.real.class.path" value="C:\Users\Casa\AppData\Local\Temp\surefire18030659914827146757\surefirebooter-20250706015706815_3.jar"/>
    <property name="user.script" value=""/>
    <property name="sun.management.compiler" value="HotSpot 64-Bit Tiered Compilers"/>
    <property name="java.runtime.version" value="23.0.2+7-58"/>
    <property name="user.name" value="Casa"/>
    <property name="stdout.encoding" value="Cp1252"/>
    <property name="path.separator" value=";"/>
    <property name="os.version" value="10.0"/>
    <property name="java.runtime.name" value="Java(TM) SE Runtime Environment"/>
    <property name="file.encoding" value="UTF-8"/>
    <property name="java.vm.name" value="Java HotSpot(TM) 64-Bit Server VM"/>
    <property name="localRepository" value="C:\Users\Casa\.m2\repository"/>
    <property name="java.vendor.url.bug" value="https://bugreport.java.com/bugreport/"/>
    <property name="java.io.tmpdir" value="C:\Users\Casa\AppData\Local\Temp\"/>
    <property name="sonar.token" value="058cb726453a3922f3c5d58bd80f36e3b67e4f83"/>
    <property name="java.version" value="23.0.2"/>
    <property name="user.dir" value="C:\Users\Casa\Desktop\Tarea_2-INF331\fidelidad-proyecto"/>
    <property name="os.arch" value="amd64"/>
    <property name="java.vm.specification.name" value="Java Virtual Machine Specification"/>
    <property name="sonar.organization" value="lmellan"/>
    <property name="sun.os.patch.level" value=""/>
    <property name="native.encoding" value="Cp1252"/>
    <property name="sonar.projectKey" value="lmellan_Tarea_2-INF331"/>
    <property name="java.library.path" value="C:\Program Files\Java\jdk-23\bin;C:\WINDOWS\Sun\Java\bin;C:\WINDOWS\system32;C:\WINDOWS;C:\Program Files\Common Files\Oracle\Java\javapath;C:\WINDOWS\system32;C:\WINDOWS;C:\WINDOWS\System32\Wbem;C:\WINDOWS\System32\WindowsPowerShell\v1.0\;C:\WINDOWS\System32\OpenSSH\;C:\Program Files\nodejs\;C:\Program Files\Git\cmd;C:\Users\Casa\Downloads\apache-maven-3.9.9-bin\apache-maven-3.9.9\bin;C:\Program Files (x86)\ffmpeg-7.1.1\ffmpeg-7.1.1;C:\Program Files\Go\bin;C:\ProgramData\chocolatey\bin;C:\Program Files\dotnet\;C:\Program Files\Docker\Docker\resources\bin;C:\Program Files\mingw\mingw64\bin;C:\Program Files\winlibs-x86_64-mcf-seh-gcc-13.2.0-mingw-w64ucrt-11.0.1-r3\mingw64\bin;C:\Users\Casa\AppData\Local\Microsoft\WindowsApps;C:\Users\Casa\AppData\Roaming\npm;C:\Users\Casa\AppData\Local\Programs\Microsoft VS Code\bin;C:\Program Files\liquibase;C:\Users\Casa\go\bin;C:\Users\Casa\.dotnet\tools;."/>
    <property name="java.vm.info" value="mixed mode, sharing"/>
    <property name="stderr.encoding" value="Cp1252"/>
    <property name="java.vendor" value="Oracle Corporation"/>
    <property name="java.vm.version" value="23.0.2+7-58"/>
    <property name="sun.io.unicode.encoding" value="UnicodeLittle"/>
    <property name="java.class.version" value="67.0"/>
  </properties>
  <testcase name="testListarClientes" classname="com.tiendafiel.fidelidad.MainTest" time="0.038"/>
  <testcase name="testFechaNulaLanzaExcepcion" classname="com.tiendafiel.fidelidad.MainTest" time="0.004"/>
  <testcase name="testActualizarClienteInexistente" classname="com.tiendafiel.fidelidad.MainTest" time="0.003"/>
  <testcase name="testCorreoNuloLanzaExcepcion" classname="com.tiendafiel.fidelidad.MainTest" time="0.002"/>
  <testcase name="testGetIdClienteConClienteCreado" classname="com.tiendafiel.fidelidad.MainTest" time="0.001"/>
  <testcase name="testSubeAOroExactamente1500" classname="com.tiendafiel.fidelidad.MainTest" time="0.005"/>
  <testcase name="testRegistrarCompraClienteOro" classname="com.tiendafiel.fidelidad.MainTest" time="0.002"/>
  <testcase name="testBonificacionPorStreakTresComprasMismoDia" classname="com.tiendafiel.fidelidad.MainTest" time="0.002"/>
  <testcase name="testRegistrarCompraClientePlata" classname="com.tiendafiel.fidelidad.MainTest" time="0.001"/>
  <testcase name="testMontoNegativoLanzaExcepcion" classname="com.tiendafiel.fidelidad.MainTest" time="0.002"/>
  <testcase name="testRegistrarCompraClienteInexistente" classname="com.tiendafiel.fidelidad.MainTest" time="0.001"/>
  <testcase name="testCrearClienteCorreoInvalido" classname="com.tiendafiel.fidelidad.MainTest" time="0.003"/>
  <testcase name="testFechaVaciaLanzaExcepcion" classname="com.tiendafiel.fidelidad.MainTest" time="0.003"/>
  <testcase name="testEliminarClienteExistente" classname="com.tiendafiel.fidelidad.MainTest" time="0.002"/>
  <testcase name="testRegistrarCompraClientePlatino" classname="com.tiendafiel.fidelidad.MainTest" time="0.001"/>
  <testcase name="testActualizarClienteExistente" classname="com.tiendafiel.fidelidad.MainTest" time="0.002"/>
  <testcase name="testSubeAPlatinoExactamente3000" classname="com.tiendafiel.fidelidad.MainTest" time="0.0"/>
  <testcase name="testRegistrarCompraClienteBronce" classname="com.tiendafiel.fidelidad.MainTest" time="0.001"/>
  <testcase name="testAgregarClienteValido" classname="com.tiendafiel.fidelidad.MainTest" time="0.001"/>
  <testcase name="testListarComprasRegistradas" classname="com.tiendafiel.fidelidad.MainTest" time="0.003"/>
  <testcase name="testSubeAPlataExactamente500" classname="com.tiendafiel.fidelidad.MainTest" time="0.001"/>
  <testcase name="testMainMenuExecutionWithExit" classname="com.tiendafiel.fidelidad.MainTest" time="0.006">
    <system-out><![CDATA[
======= Sistema de Fidelidad ========

1. Gesti贸n de Clientes
2. Gesti贸n de Compras
3. Mostrar Puntos / Nivel de un Cliente
4. Salir

Seleccione una opci贸n: 
Hasta la pr贸xima!
]]></system-out>
  </testcase>
</testsuite>